<?xml version="1.0" encoding="UTF-8"?>
<!-- Generated by org.testng.reporters.JUnitXMLReporter -->
<testsuite ignored="0" hostname="priyanka" failures="0" tests="4" name="Test1" time="30.794" errors="0" timestamp="2024-09-23T13:05:44 IST">
  <testcase classname="com.comsand.systemtest.PurchaseProductWithCODtest" name="cashOnDeliveryTest" time="3.801"/>
  <testcase classname="com.comsand.integrationtest.ToCheckOrderHistoryTest" name="orderHistory" time="3.08"/>
  <testcase classname="com.comsand.systemtest.TrackTheOrderTest" name="trackOrdertest" time="3.383"/>
  <testcase classname="com.comsand.smoketest.AddProductToCarttest" name="addProductToCarttest" time="1.525"/>
</testsuite> <!-- Test1 -->
