<?xml version="1.0" encoding="UTF-8"?>
<!-- Generated by org.testng.reporters.JUnitXMLReporter -->
<testsuite ignored="0" hostname="priyanka" failures="0" tests="9" name="Test" time="64.028" errors="0" timestamp="2024-09-23T16:01:25 IST">
  <testcase classname="com.comsand.systemtest.PurchaseProductWithCODtest" name="cashOnDeliveryTest" time="4.009"/>
  <testcase classname="com.comsand.integrationtest.ToCheckOrderHistoryTest" name="orderHistory" time="4.543"/>
  <testcase classname="com.comsand.systemtest.TrackTheOrderTest" name="trackOrdertest" time="3.922"/>
  <testcase classname="com.comsand.smoketest.AddProductToCarttest" name="addProductToCarttest" time="1.676"/>
  <testcase classname="com.comsand.integrationtest.ShoppingMultipleProductsAtATimeTest" name="multipleProducttest" time="4.518"/>
  <testcase classname="com.comsand.integrationtest.UpdateProductInCartTest" name="updateProductInCarttest" time="1.896"/>
  <testcase classname="com.comsand.systemtest.RemoveProductFromCartTest" name="removeProductFromCrtTest" time="1.72"/>
  <testcase classname="com.comsand.integrationtest.ToConfirmOrderTest" name="confirmOrdertest" time="4.896"/>
  <testcase classname="com.comsand.systemtest.RemoveProductFromWishlistTest" name="removeProductFromWishlsttest" time="1.32"/>
</testsuite> <!-- Test -->
