<?xml version="1.0" encoding="UTF-8"?>
<!-- Generated by org.testng.reporters.JUnitXMLReporter -->
<testsuite ignored="0" hostname="priyanka" failures="0" tests="9" name="Test" time="66.102" errors="0" timestamp="2024-09-23T10:08:02 IST">
  <testcase classname="com.comsand.systemtest.PurchaseProductWithCODtest" name="cashOnDeliveryTest" time="4.025"/>
  <testcase classname="com.comsand.integrationtest.ToCheckOrderHistoryTest" name="orderHistory" time="3.8"/>
  <testcase classname="com.comsand.systemtest.TrackTheOrderTest" name="trackOrdertest" time="3.852"/>
  <testcase classname="com.comsand.smoketest.AddProductToCarttest" name="addProductToCarttest" time="1.327"/>
  <testcase classname="com.comsand.integrationtest.ShoppingMultipleProductsAtATimeTest" name="multipleProducttest" time="4.603"/>
  <testcase classname="com.comsand.integrationtest.UpdateProductInCartTest" name="updateProductInCarttest" time="1.769"/>
  <testcase classname="com.comsand.systemtest.RemoveProductFromCartTest" name="removeProductFromCrtTest" time="1.454"/>
  <testcase classname="com.comsand.integrationtest.ToConfirmOrderTest" name="confirmOrdertest" time="4.824"/>
  <testcase classname="com.comsand.systemtest.RemoveProductFromWishlistTest" name="removeProductFromWishlsttest" time="1.394"/>
</testsuite> <!-- Test -->
