<?xml version="1.0" encoding="UTF-8"?>
<!-- Generated by org.testng.reporters.JUnitXMLReporter -->
<testsuite ignored="0" hostname="priyanka" failures="0" tests="5" name="Test2" time="38.345" errors="0" timestamp="2024-09-23T13:05:52 IST">
  <testcase classname="com.comsand.integrationtest.ShoppingMultipleProductsAtATimeTest" name="multipleProducttest" time="4.392"/>
  <testcase classname="com.comsand.integrationtest.UpdateProductInCartTest" name="updateProductInCarttest" time="1.301"/>
  <testcase classname="com.comsand.systemtest.RemoveProductFromCartTest" name="removeProductFromCrtTest" time="1.236"/>
  <testcase classname="com.comsand.integrationtest.ToConfirmOrderTest" name="confirmOrdertest" time="4.86"/>
  <testcase classname="com.comsand.systemtest.RemoveProductFromWishlistTest" name="removeProductFromWishlsttest" time="1.382"/>
</testsuite> <!-- Test2 -->
