<?xml version="1.0" encoding="UTF-8"?>
<testng-results ignored="0" total="1" passed="1" failed="0" skipped="0">
  <reporter-output>
  </reporter-output>
  <suite started-at="2024-09-23T13:07:31 IST" name="Suite" finished-at="2024-09-23T13:07:36 IST" duration-ms="5280">
    <groups>
    </groups>
    <test started-at="2024-09-23T13:07:31 IST" name="Test" finished-at="2024-09-23T13:07:36 IST" duration-ms="5280">
      <class name="com.comsand.integrationtest.UpdateProductInCartTest">
        <test-method is-config="true" signature="beforeclass()[pri:0, instance:com.comsand.integrationtest.UpdateProductInCartTest@3590fc5b]" started-at="2024-09-23T13:07:31 IST" name="beforeclass" finished-at="2024-09-23T13:07:34 IST" duration-ms="2521" status="PASS">
          <reporter-output>
          </reporter-output>
        </test-method> <!-- beforeclass -->
        <test-method is-config="true" signature="beforeMethod()[pri:0, instance:com.comsand.integrationtest.UpdateProductInCartTest@3590fc5b]" started-at="2024-09-23T13:07:34 IST" name="beforeMethod" finished-at="2024-09-23T13:07:34 IST" duration-ms="602" status="PASS">
          <reporter-output>
          </reporter-output>
        </test-method> <!-- beforeMethod -->
        <test-method signature="updateProductInCarttest()[pri:0, instance:com.comsand.integrationtest.UpdateProductInCartTest@3590fc5b]" started-at="2024-09-23T13:07:34 IST" name="updateProductInCarttest" finished-at="2024-09-23T13:07:36 IST" duration-ms="1783" status="PASS">
          <reporter-output>
          </reporter-output>
        </test-method> <!-- updateProductInCarttest -->
        <test-method is-config="true" signature="afterMethod()[pri:0, instance:com.comsand.integrationtest.UpdateProductInCartTest@3590fc5b]" started-at="2024-09-23T13:07:36 IST" name="afterMethod" finished-at="2024-09-23T13:07:36 IST" duration-ms="134" status="PASS">
          <reporter-output>
          </reporter-output>
        </test-method> <!-- afterMethod -->
        <test-method is-config="true" signature="afterClass()[pri:0, instance:com.comsand.integrationtest.UpdateProductInCartTest@3590fc5b]" started-at="2024-09-23T13:07:36 IST" name="afterClass" finished-at="2024-09-23T13:07:36 IST" duration-ms="202" status="PASS">
          <reporter-output>
          </reporter-output>
        </test-method> <!-- afterClass -->
      </class> <!-- com.comsand.integrationtest.UpdateProductInCartTest -->
    </test> <!-- Test -->
  </suite> <!-- Suite -->
</testng-results>
